#
# There is insufficient memory for the Java Runtime Environment to continue.
# Native memory allocation (malloc) failed to allocate 268435456 bytes for committing reserved memory.
# Possible reasons:
#   The system is out of physical RAM or swap space
#   In 32 bit mode, the process size limit was hit
# Possible solutions:
#   Reduce memory load on the system
#   Increase physical memory or swap space
#   Check if swap backing store is full
#   Use 64 bit Java on a 64 bit OS
#   Decrease Java heap size (-Xmx/-Xms)
#   Decrease number of Java threads
#   Decrease Java thread stack sizes (-Xss)
#   Set larger code cache with -XX:ReservedCodeCacheSize=
# This output file may be truncated or incomplete.
#
#  Out of Memory Error (os_linux.cpp:2798), pid=5600, tid=140170224461568
#
# JRE version:  (7.0_65-b32) (build )
# Java VM: OpenJDK 64-Bit Server VM (24.65-b04 mixed mode linux-amd64 compressed oops)
# Derivative: IcedTea 2.5.3
# Distribution: Ubuntu 14.04 LTS, package 7u71-2.5.3-0ubuntu0.14.04.1
# Failed to write core dump. Core dumps have been disabled. To enable core dumping, try "ulimit -c unlimited" before starting Java again
#

---------------  T H R E A D  ---------------

Current thread (0x00007f7be400a000):  JavaThread "Unknown thread" [_thread_in_vm, id=6833, stack(0x00007f7bec5fe000,0x00007f7bec6ff000)]

Stack: [0x00007f7bec5fe000,0x00007f7bec6ff000],  sp=0x00007f7bec6fd0e0,  free space=1020k
Native frames: (J=compiled Java code, j=interpreted, Vv=VM code, C=native code)
V  [libjvm.so+0x948b05]  VMError::report_and_die()+0x175
V  [libjvm.so+0x48bc34]  report_vm_out_of_memory(char const*, int, unsigned long, char const*)+0x74
V  [libjvm.so+0x7c7bfb]  os::pd_commit_memory(char*, unsigned long, unsigned long, bool)+0xeb
V  [libjvm.so+0x7c26bf]  os::commit_memory(char*, unsigned long, unsigned long, bool)+0x1f
V  [libjvm.so+0x9459f4]  VirtualSpace::expand_by(unsigned long, bool)+0x1c4
V  [libjvm.so+0x5626fb]  CardGeneration::CardGeneration(ReservedSpace, unsigned long, int, GenRemSet*)+0x11b
V  [libjvm.so+0x431312]  CompactingPermGenGen::CompactingPermGenGen(ReservedSpace, ReservedSpace, unsigned long, int, GenRemSet*, ContiguousSpace*, PermanentGenerationSpec*)+0xa0
V  [libjvm.so+0x80d72c]  CompactingPermGen::CompactingPermGen(ReservedSpace, ReservedSpace, unsigned long, GenRemSet*, PermanentGenerationSpec*)+0x16c
V  [libjvm.so+0x563a24]  PermanentGenerationSpec::init(ReservedSpace, unsigned long, GenRemSet*)+0x2b4
V  [libjvm.so+0x55554d]  GenCollectedHeap::initialize()+0x45d
V  [libjvm.so+0x91a6f7]  Universe::initialize_heap()+0xc7
V  [libjvm.so+0x91aa27]  universe_init()+0x67
V  [libjvm.so+0x59d255]  init_globals()+0x55
V  [libjvm.so+0x8fd3bf]  Threads::create_vm(JavaVMInitArgs*, bool*)+0x35f
V  [libjvm.so+0x6085d4]  JNI_CreateJavaVM+0x54
C  [libjli.so+0x2b48]


---------------  P R O C E S S  ---------------

Java Threads: ( => current thread )

Other Threads:

=>0x00007f7be400a000 (exited) JavaThread "Unknown thread" [_thread_in_vm, id=6833, stack(0x00007f7bec5fe000,0x00007f7bec6ff000)]

VM state:not at safepoint (not fully initialized)

VM Mutex/Monitor currently owned by a thread: None

GC Heap History (0 events):
No events

Deoptimization events (0 events):
No events

Internal exceptions (0 events):
No events

Events (0 events):
No events


Dynamic libraries:
00400000-00401000 r-xp 00000000 fd:01 132429                             /usr/lib/jvm/java-7-openjdk-amd64/jre/bin/java
00600000-00601000 r--p 00000000 fd:01 132429                             /usr/lib/jvm/java-7-openjdk-amd64/jre/bin/java
00601000-00602000 rw-p 00001000 fd:01 132429                             /usr/lib/jvm/java-7-openjdk-amd64/jre/bin/java
0153e000-0155f000 rw-p 00000000 00:00 0                                  [heap]
d0000000-d0a70000 rw-p 00000000 00:00 0 
d0a70000-daaa0000 rw-p 00000000 00:00 0 
daaa0000-dbf80000 rw-p 00000000 00:00 0 
dbf80000-f0000000 rw-p 00000000 00:00 0 
7f7be1000000-7f7be1270000 rwxp 00000000 00:00 0 
7f7be1270000-7f7be4025000 rw-p 00000000 00:00 0 
7f7be4025000-7f7be8000000 ---p 00000000 00:00 0 
7f7be8dcc000-7f7be9011000 rw-p 00000000 00:00 0 
7f7be9011000-7f7be90b1000 rw-p 00000000 00:00 0 
7f7be90b1000-7f7be90b7000 rw-p 00000000 00:00 0 
7f7be90b7000-7f7be9106000 rw-p 00000000 00:00 0 
7f7be9106000-7f7be9111000 rw-p 00000000 00:00 0 
7f7be9111000-7f7be9231000 rw-p 00000000 00:00 0 
7f7be9231000-7f7be9232000 rw-p 00000000 00:00 0 
7f7be9232000-7f7be923a000 r-xp 00000000 fd:01 132327                     /usr/lib/jvm/java-7-openjdk-amd64/jre/lib/amd64/libzip.so
7f7be923a000-7f7be9439000 ---p 00008000 fd:01 132327                     /usr/lib/jvm/java-7-openjdk-amd64/jre/lib/amd64/libzip.so
7f7be9439000-7f7be943a000 r--p 00007000 fd:01 132327                     /usr/lib/jvm/java-7-openjdk-amd64/jre/lib/amd64/libzip.so
7f7be943a000-7f7be943b000 rw-p 00008000 fd:01 132327                     /usr/lib/jvm/java-7-openjdk-amd64/jre/lib/amd64/libzip.so
7f7be943b000-7f7be9446000 r-xp 00000000 fd:01 27846                      /lib/x86_64-linux-gnu/libnss_files-2.19.so
7f7be9446000-7f7be9645000 ---p 0000b000 fd:01 27846                      /lib/x86_64-linux-gnu/libnss_files-2.19.so
7f7be9645000-7f7be9646000 r--p 0000a000 fd:01 27846                      /lib/x86_64-linux-gnu/libnss_files-2.19.so
7f7be9646000-7f7be9647000 rw-p 0000b000 fd:01 27846                      /lib/x86_64-linux-gnu/libnss_files-2.19.so
7f7be9647000-7f7be9652000 r-xp 00000000 fd:01 27847                      /lib/x86_64-linux-gnu/libnss_nis-2.19.so
7f7be9652000-7f7be9851000 ---p 0000b000 fd:01 27847                      /lib/x86_64-linux-gnu/libnss_nis-2.19.so
7f7be9851000-7f7be9852000 r--p 0000a000 fd:01 27847                      /lib/x86_64-linux-gnu/libnss_nis-2.19.so
7f7be9852000-7f7be9853000 rw-p 0000b000 fd:01 27847                      /lib/x86_64-linux-gnu/libnss_nis-2.19.so
7f7be9853000-7f7be986a000 r-xp 00000000 fd:01 27833                      /lib/x86_64-linux-gnu/libnsl-2.19.so
7f7be986a000-7f7be9a69000 ---p 00017000 fd:01 27833                      /lib/x86_64-linux-gnu/libnsl-2.19.so
7f7be9a69000-7f7be9a6a000 r--p 00016000 fd:01 27833                      /lib/x86_64-linux-gnu/libnsl-2.19.so
7f7be9a6a000-7f7be9a6b000 rw-p 00017000 fd:01 27833                      /lib/x86_64-linux-gnu/libnsl-2.19.so
7f7be9a6b000-7f7be9a6d000 rw-p 00000000 00:00 0 
7f7be9a6d000-7f7be9a76000 r-xp 00000000 fd:01 27761                      /lib/x86_64-linux-gnu/libnss_compat-2.19.so
7f7be9a76000-7f7be9c75000 ---p 00009000 fd:01 27761                      /lib/x86_64-linux-gnu/libnss_compat-2.19.so
7f7be9c75000-7f7be9c76000 r--p 00008000 fd:01 27761                      /lib/x86_64-linux-gnu/libnss_compat-2.19.so
7f7be9c76000-7f7be9c77000 rw-p 00009000 fd:01 27761                      /lib/x86_64-linux-gnu/libnss_compat-2.19.so
7f7be9c77000-7f7be9ca2000 r-xp 00000000 fd:01 132334                     /usr/lib/jvm/java-7-openjdk-amd64/jre/lib/amd64/libjava.so
7f7be9ca2000-7f7be9ea1000 ---p 0002b000 fd:01 132334                     /usr/lib/jvm/java-7-openjdk-amd64/jre/lib/amd64/libjava.so
7f7be9ea1000-7f7be9ea2000 r--p 0002a000 fd:01 132334                     /usr/lib/jvm/java-7-openjdk-amd64/jre/lib/amd64/libjava.so
7f7be9ea2000-7f7be9ea4000 rw-p 0002b000 fd:01 132334                     /usr/lib/jvm/java-7-openjdk-amd64/jre/lib/amd64/libjava.so
7f7be9ea4000-7f7be9eb4000 r-xp 00000000 fd:01 132349                     /usr/lib/jvm/java-7-openjdk-amd64/jre/lib/amd64/libverify.so
7f7be9eb4000-7f7bea0b3000 ---p 00010000 fd:01 132349                     /usr/lib/jvm/java-7-openjdk-amd64/jre/lib/amd64/libverify.so
7f7bea0b3000-7f7bea0b5000 r--p 0000f000 fd:01 132349                     /usr/lib/jvm/java-7-openjdk-amd64/jre/lib/amd64/libverify.so
7f7bea0b5000-7f7bea0b6000 rw-p 00011000 fd:01 132349                     /usr/lib/jvm/java-7-openjdk-amd64/jre/lib/amd64/libverify.so
7f7bea0b6000-7f7bea0bd000 r-xp 00000000 fd:01 27835                      /lib/x86_64-linux-gnu/librt-2.19.so
7f7bea0bd000-7f7bea2bc000 ---p 00007000 fd:01 27835                      /lib/x86_64-linux-gnu/librt-2.19.so
7f7bea2bc000-7f7bea2bd000 r--p 00006000 fd:01 27835                      /lib/x86_64-linux-gnu/librt-2.19.so
7f7bea2bd000-7f7bea2be000 rw-p 00007000 fd:01 27835                      /lib/x86_64-linux-gnu/librt-2.19.so
7f7bea2be000-7f7bea2d4000 r-xp 00000000 fd:01 2089                       /lib/x86_64-linux-gnu/libgcc_s.so.1
7f7bea2d4000-7f7bea4d3000 ---p 00016000 fd:01 2089                       /lib/x86_64-linux-gnu/libgcc_s.so.1
7f7bea4d3000-7f7bea4d4000 rw-p 00015000 fd:01 2089                       /lib/x86_64-linux-gnu/libgcc_s.so.1
7f7bea4d4000-7f7bea5d9000 r-xp 00000000 fd:01 27842                      /lib/x86_64-linux-gnu/libm-2.19.so
7f7bea5d9000-7f7bea7d8000 ---p 00105000 fd:01 27842                      /lib/x86_64-linux-gnu/libm-2.19.so
7f7bea7d8000-7f7bea7d9000 r--p 00104000 fd:01 27842                      /lib/x86_64-linux-gnu/libm-2.19.so
7f7bea7d9000-7f7bea7da000 rw-p 00105000 fd:01 27842                      /lib/x86_64-linux-gnu/libm-2.19.so
7f7bea7da000-7f7bea8c0000 r-xp 00000000 fd:01 3732                       /usr/lib/x86_64-linux-gnu/libstdc++.so.6.0.19
7f7bea8c0000-7f7beaabf000 ---p 000e6000 fd:01 3732                       /usr/lib/x86_64-linux-gnu/libstdc++.so.6.0.19
7f7beaabf000-7f7beaac7000 r--p 000e5000 fd:01 3732                       /usr/lib/x86_64-linux-gnu/libstdc++.so.6.0.19
7f7beaac7000-7f7beaac9000 rw-p 000ed000 fd:01 3732                       /usr/lib/x86_64-linux-gnu/libstdc++.so.6.0.19
7f7beaac9000-7f7beaade000 rw-p 00000000 00:00 0 
7f7beaade000-7f7beb5f4000 r-xp 00000000 fd:01 132356                     /usr/lib/jvm/java-7-openjdk-amd64/jre/lib/amd64/server/libjvm.so
7f7beb5f4000-7f7beb7f3000 ---p 00b16000 fd:01 132356                     /usr/lib/jvm/java-7-openjdk-amd64/jre/lib/amd64/server/libjvm.so
7f7beb7f3000-7f7beb88d000 r--p 00b15000 fd:01 132356                     /usr/lib/jvm/java-7-openjdk-amd64/jre/lib/amd64/server/libjvm.so
7f7beb88d000-7f7beb8b0000 rw-p 00baf000 fd:01 132356                     /usr/lib/jvm/java-7-openjdk-amd64/jre/lib/amd64/server/libjvm.so
7f7beb8b0000-7f7beb8de000 rw-p 00000000 00:00 0 
7f7beb8de000-7f7beb8f6000 r-xp 00000000 fd:01 2020                       /lib/x86_64-linux-gnu/libz.so.1.2.8
7f7beb8f6000-7f7bebaf5000 ---p 00018000 fd:01 2020                       /lib/x86_64-linux-gnu/libz.so.1.2.8
7f7bebaf5000-7f7bebaf6000 r--p 00017000 fd:01 2020                       /lib/x86_64-linux-gnu/libz.so.1.2.8
7f7bebaf6000-7f7bebaf7000 rw-p 00018000 fd:01 2020                       /lib/x86_64-linux-gnu/libz.so.1.2.8
7f7bebaf7000-7f7bebb10000 r-xp 00000000 fd:01 27852                      /lib/x86_64-linux-gnu/libpthread-2.19.so
7f7bebb10000-7f7bebd0f000 ---p 00019000 fd:01 27852                      /lib/x86_64-linux-gnu/libpthread-2.19.so
7f7bebd0f000-7f7bebd10000 r--p 00018000 fd:01 27852                      /lib/x86_64-linux-gnu/libpthread-2.19.so
7f7bebd10000-7f7bebd11000 rw-p 00019000 fd:01 27852                      /lib/x86_64-linux-gnu/libpthread-2.19.so
7f7bebd11000-7f7bebd15000 rw-p 00000000 00:00 0 
7f7bebd15000-7f7bebd18000 r-xp 00000000 fd:01 27851                      /lib/x86_64-linux-gnu/libdl-2.19.so
7f7bebd18000-7f7bebf17000 ---p 00003000 fd:01 27851                      /lib/x86_64-linux-gnu/libdl-2.19.so
7f7bebf17000-7f7bebf18000 r--p 00002000 fd:01 27851                      /lib/x86_64-linux-gnu/libdl-2.19.so
7f7bebf18000-7f7bebf19000 rw-p 00003000 fd:01 27851                      /lib/x86_64-linux-gnu/libdl-2.19.so
7f7bebf19000-7f7bec0d4000 r-xp 00000000 fd:01 27839                      /lib/x86_64-linux-gnu/libc-2.19.so
7f7bec0d4000-7f7bec2d4000 ---p 001bb000 fd:01 27839                      /lib/x86_64-linux-gnu/libc-2.19.so
7f7bec2d4000-7f7bec2d8000 r--p 001bb000 fd:01 27839                      /lib/x86_64-linux-gnu/libc-2.19.so
7f7bec2d8000-7f7bec2da000 rw-p 001bf000 fd:01 27839                      /lib/x86_64-linux-gnu/libc-2.19.so
7f7bec2da000-7f7bec2df000 rw-p 00000000 00:00 0 
7f7bec2df000-7f7bec2ec000 r-xp 00000000 fd:01 132332                     /usr/lib/jvm/java-7-openjdk-amd64/jre/lib/amd64/jli/libjli.so
7f7bec2ec000-7f7bec4eb000 ---p 0000d000 fd:01 132332                     /usr/lib/jvm/java-7-openjdk-amd64/jre/lib/amd64/jli/libjli.so
7f7bec4eb000-7f7bec4ec000 r--p 0000c000 fd:01 132332                     /usr/lib/jvm/java-7-openjdk-amd64/jre/lib/amd64/jli/libjli.so
7f7bec4ec000-7f7bec4ed000 rw-p 0000d000 fd:01 132332                     /usr/lib/jvm/java-7-openjdk-amd64/jre/lib/amd64/jli/libjli.so
7f7bec4ed000-7f7bec510000 r-xp 00000000 fd:01 27840                      /lib/x86_64-linux-gnu/ld-2.19.so
7f7bec536000-7f7bec540000 rw-p 00000000 00:00 0 
7f7bec540000-7f7bec5f6000 rw-p 00000000 00:00 0 
7f7bec5f6000-7f7bec5fe000 rw-s 00000000 fd:01 153918                     /tmp/hsperfdata_ubuntu/5600
7f7bec5fe000-7f7bec601000 ---p 00000000 00:00 0 
7f7bec601000-7f7bec704000 rw-p 00000000 00:00 0                          [stack:6833]
7f7bec709000-7f7bec70c000 rw-p 00000000 00:00 0 
7f7bec70c000-7f7bec70d000 r--p 00000000 00:00 0 
7f7bec70d000-7f7bec70f000 rw-p 00000000 00:00 0 
7f7bec70f000-7f7bec710000 r--p 00022000 fd:01 27840                      /lib/x86_64-linux-gnu/ld-2.19.so
7f7bec710000-7f7bec711000 rw-p 00023000 fd:01 27840                      /lib/x86_64-linux-gnu/ld-2.19.so
7f7bec711000-7f7bec712000 rw-p 00000000 00:00 0 
7fff1e07f000-7fff1e0a0000 rw-p 00000000 00:00 0                          [stack]
7fff1e1dd000-7fff1e1df000 r-xp 00000000 00:00 0                          [vdso]
ffffffffff600000-ffffffffff601000 r-xp 00000000 00:00 0                  [vsyscall]

VM Arguments:
jvm_args: -Xmx512m -XX:PermSize=256M 
java_command: /home/ubuntu/CabectAutotester/ZAP_2.3.1/zap.jar
Launcher Type: SUN_STANDARD

Environment Variables:
PATH=/usr/local/sbin:/usr/local/bin:/usr/sbin:/usr/bin:/sbin:/bin:/usr/games:/usr/local/games
SHELL=/bin/bash
DISPLAY=localhost:10.0

Signal Handlers:
SIGSEGV: [libjvm.so+0x9495e0], sa_mask[0]=0x7ffbfeff, sa_flags=0x10000004
SIGBUS: [libjvm.so+0x9495e0], sa_mask[0]=0x7ffbfeff, sa_flags=0x10000004
SIGFPE: [libjvm.so+0x7c3410], sa_mask[0]=0x7ffbfeff, sa_flags=0x10000004
SIGPIPE: [libjvm.so+0x7c3410], sa_mask[0]=0x7ffbfeff, sa_flags=0x10000004
SIGXFSZ: [libjvm.so+0x7c3410], sa_mask[0]=0x7ffbfeff, sa_flags=0x10000004
SIGILL: [libjvm.so+0x7c3410], sa_mask[0]=0x7ffbfeff, sa_flags=0x10000004
SIGUSR1: SIG_DFL, sa_mask[0]=0x00000000, sa_flags=0x00000000
SIGUSR2: [libjvm.so+0x7c32b0], sa_mask[0]=0x00000000, sa_flags=0x10000004
SIGHUP: SIG_DFL, sa_mask[0]=0x00000000, sa_flags=0x00000000
SIGINT: SIG_DFL, sa_mask[0]=0x00000000, sa_flags=0x00000000
SIGTERM: SIG_DFL, sa_mask[0]=0x00000000, sa_flags=0x00000000
SIGQUIT: SIG_DFL, sa_mask[0]=0x00000000, sa_flags=0x00000000
SIGTRAP: SIG_DFL, sa_mask[0]=0x00000000, sa_flags=0x00000000


---------------  S Y S T E M  ---------------

OS:Ubuntu 14.04 (trusty)
uname:Linux 3.13.0-24-generic #46-Ubuntu SMP Thu Apr 10 19:11:08 UTC 2014 x86_64
libc:glibc 2.19 NPTL 2.19 
rlimit: STACK 8192k, CORE 0k, NPROC 15938, NOFILE 4096, AS infinity
load average:67.51 17.79 6.06

/proc/meminfo:
MemTotal:        2050132 kB
MemFree:           69280 kB
Buffers:           17000 kB
Cached:           187896 kB
SwapCached:            0 kB
Active:          1772584 kB
Inactive:         108060 kB
Active(anon):    1677388 kB
Inactive(anon):    16696 kB
Active(file):      95196 kB
Inactive(file):    91364 kB
Unevictable:           0 kB
Mlocked:               0 kB
SwapTotal:             0 kB
SwapFree:              0 kB
Dirty:              2448 kB
Writeback:             0 kB
AnonPages:       1661776 kB
Mapped:            48984 kB
Shmem:             18320 kB
Slab:              37520 kB
SReclaimable:      15776 kB
SUnreclaim:        21744 kB
KernelStack:        7560 kB
PageTables:        30232 kB
NFS_Unstable:          0 kB
Bounce:                0 kB
WritebackTmp:          0 kB
CommitLimit:     1025064 kB
Committed_AS:   25999992 kB
VmallocTotal:   34359738367 kB
VmallocUsed:        3824 kB
VmallocChunk:   34359730055 kB
HardwareCorrupted:     0 kB
AnonHugePages:    944128 kB
HugePages_Total:       0
HugePages_Free:        0
HugePages_Rsvd:        0
HugePages_Surp:        0
Hugepagesize:       2048 kB
DirectMap4k:       28660 kB
DirectMap2M:     2068480 kB


CPU:total 1 (1 cores per cpu, 1 threads per core) family 6 model 23 stepping 3, cmov, cx8, fxsr, mmx, sse, sse2, sse3, ssse3, sse4.1, tsc

/proc/cpuinfo:
processor	: 0
vendor_id	: GenuineIntel
cpu family	: 6
model		: 23
model name	: Intel Core 2 Duo P9xxx (Penryn Class Core 2)
stepping	: 3
microcode	: 0x1
cpu MHz		: 2500.088
cache size	: 4096 KB
physical id	: 0
siblings	: 1
core id		: 0
cpu cores	: 1
apicid		: 0
initial apicid	: 0
fpu		: yes
fpu_exception	: yes
cpuid level	: 4
wp		: yes
flags		: fpu vme de pse tsc msr pae mce cx8 apic sep mtrr pge mca cmov pat pse36 clflush mmx fxsr sse sse2 ss syscall nx lm constant_tsc nopl pni ssse3 cx16 sse4_1 x2apic hypervisor lahf_lm
bogomips	: 5000.17
clflush size	: 64
cache_alignment	: 64
address sizes	: 38 bits physical, 48 bits virtual
power management:



Memory: 4k page, physical 2050132k(69280k free), swap 0k(0k free)

vm_info: OpenJDK 64-Bit Server VM (24.65-b04) for linux-amd64 JRE (1.7.0_65-b32), built on Oct 22 2014 04:37:44 by "buildd" with gcc 4.8.2

time: Mon Nov 17 05:29:00 2014
elapsed time: 3 seconds

